<?xml version="1.0" encoding="UTF-8"?>
<testsuite name="com.kodilla.stream.array.ArrayTestSuite" tests="1" skipped="0" failures="0" errors="0" timestamp="2018-08-30T20:09:02" hostname="DESKTOP-EUM8VKM" time="0.013">
  <properties/>
  <testcase name="testGetAverage" classname="com.kodilla.stream.array.ArrayTestSuite" time="0.013"/>
  <system-out><![CDATA[1
2
3
4
5
6
7
8
9
10
10
9
8
7
6
5
4
3
2
1
]]></system-out>
  <system-err><![CDATA[]]></system-err>
</testsuite>
