<?xml version="1.0" encoding="UTF-8"?>
<testsuite name="com.kodilla.testing.forum.tdd.ForumTestSuite" tests="7" skipped="0" failures="0" errors="0" timestamp="2018-07-13T18:12:01" hostname="DESKTOP-EUM8VKM" time="0.007">
  <properties/>
  <testcase name="testAddPost" classname="com.kodilla.testing.forum.tdd.ForumTestSuite" time="0.002"/>
  <testcase name="testGetPost" classname="com.kodilla.testing.forum.tdd.ForumTestSuite" time="0.001"/>
  <testcase name="testRemoveComment" classname="com.kodilla.testing.forum.tdd.ForumTestSuite" time="0.001"/>
  <testcase name="testRemovePost" classname="com.kodilla.testing.forum.tdd.ForumTestSuite" time="0.0"/>
  <testcase name="testGetComment" classname="com.kodilla.testing.forum.tdd.ForumTestSuite" time="0.001"/>
  <testcase name="theRemoveCommentNotExisting" classname="com.kodilla.testing.forum.tdd.ForumTestSuite" time="0.0"/>
  <testcase name="testAddComment" classname="com.kodilla.testing.forum.tdd.ForumTestSuite" time="0.0"/>
  <system-out><![CDATA[This is beginning of tests.
Prepare to executing test #1
Prepare to executing test #2
Prepare to executing test #3
Prepare to executing test #4
Prepare to executing test #5
Prepare to executing test #6
Prepare to executing test #7
All tests are finished
]]></system-out>
  <system-err><![CDATA[]]></system-err>
</testsuite>
