<?xml version="1.0" encoding="UTF-8"?>
<testsuite name="com.kodilla.testing.foruml.tddl.ForumTestSuiteI" tests="2" skipped="0" failures="0" errors="0" timestamp="2018-08-30T20:09:04" hostname="DESKTOP-EUM8VKM" time="0.003">
  <properties/>
  <testcase name="testCaseRealName" classname="com.kodilla.testing.foruml.tddl.ForumTestSuiteI" time="0.002"/>
  <testcase name="testCaseUsername" classname="com.kodilla.testing.foruml.tddl.ForumTestSuiteI" time="0.001"/>
  <system-out><![CDATA[Test Suite: Begin
Test Case: Begin
Testing Karo Karo
Test Case: End
Test Case: Begin
Testing theForumUser
Test Case: End
Test Suite: End
]]></system-out>
  <system-err><![CDATA[]]></system-err>
</testsuite>
