<?xml version="1.0" encoding="UTF-8"?>
<testsuite name="com.kodilla.patterns.singleton.LoggerTestSuite" tests="1" skipped="0" failures="0" errors="0" timestamp="2018-08-30T20:08:59" hostname="DESKTOP-EUM8VKM" time="0.001">
  <properties/>
  <testcase name="getLastLogTest" classname="com.kodilla.patterns.singleton.LoggerTestSuite" time="0.001"/>
  <system-out><![CDATA[Log: [Last log 1.]
Log: [Last log 2.]
]]></system-out>
  <system-err><![CDATA[]]></system-err>
</testsuite>
