<?xml version="1.0" encoding="UTF-8"?>
<testsuite name="com.kodilla.patterns.builder.bigmac.BigmacTestSuite" tests="1" skipped="0" failures="0" errors="0" timestamp="2018-08-30T20:08:59" hostname="DESKTOP-EUM8VKM" time="0.002">
  <properties/>
  <testcase name="testBuilder" classname="com.kodilla.patterns.builder.bigmac.BigmacTestSuite" time="0.002"/>
  <system-out><![CDATA[Bigmac{bun='With sesame.', burgers=4, sauce='Hot', ingredients=[Onion, Olives, Mustard]}
]]></system-out>
  <system-err><![CDATA[]]></system-err>
</testsuite>
