<?xml version="1.0" encoding="UTF-8"?>
<testsuite name="com.kodilla.jdbc.DbManagerTestSuite" tests="3" skipped="0" failures="0" errors="0" timestamp="2018-08-30T20:08:56" hostname="DESKTOP-EUM8VKM" time="0.236">
  <properties/>
  <testcase name="testSelectUsers" classname="com.kodilla.jdbc.DbManagerTestSuite" time="0.234"/>
  <testcase name="testConnect" classname="com.kodilla.jdbc.DbManagerTestSuite" time="0.0"/>
  <testcase name="testSelectUsersAndPosts" classname="com.kodilla.jdbc.DbManagerTestSuite" time="0.002"/>
  <system-out><![CDATA[ 
1,JOHN,SMITH
2,ZACHARY,LEE
3,STEPHANIE,KOVALSKY
4,THOMAS,LANGE
5,JOHN,THOMSON
 
 
JOHN,SMITH,2
ZACHARY,LEE,3
]]></system-out>
  <system-err><![CDATA[]]></system-err>
</testsuite>
